2016-11-15 22:53:33 INFO  AbstractDAO:25 - All entity from the table 'movie' were received.
2016-11-15 22:53:33 INFO  AbstractDAO:25 - All entity from the table 'movie' were received.
2016-11-15 22:53:33 INFO  AbstractDAO:25 - All entity from the table 'movie' were received.
2016-11-15 22:53:33 INFO  AbstractDAO:23 - All entity from the table 'description' were received.
2016-11-15 22:53:33 INFO  AbstractDAO:23 - All entity from the table 'description' were received.
2016-11-15 22:53:33 INFO  AbstractDAO:23 - All entity from the table 'description' were received.
2016-11-15 22:53:33 INFO  AbstractDAO:24 - All entity from the table 'director' were received.
2016-11-15 22:53:33 INFO  AbstractDAO:24 - All entity from the table 'director' were received.
2016-11-15 22:53:33 INFO  AbstractDAO:24 - All entity from the table 'director' were received.
2016-11-15 22:53:33 INFO  ProducerDAO:89 - All entity from the table 'producer' were received.
2016-11-15 22:53:33 INFO  ProducerDAO:89 - All entity from the table 'producer' were received.
2016-11-15 22:53:33 INFO  ProducerDAO:89 - All entity from the table 'producer' were received.
2016-11-15 22:53:33 INFO  ProducerDAO:89 - All entity from the table 'producer' were received.
2016-11-15 22:53:34 INFO  AbstractDAO:25 - All entity from the table 'movie' were received.
2016-11-15 22:53:34 INFO  AbstractDAO:25 - All entity from the table 'movie' were received.
2016-11-15 22:53:34 INFO  AbstractDAO:25 - All entity from the table 'movie' were received.
2016-11-15 22:53:34 INFO  AbstractDAO:23 - All entity from the table 'description' were received.
2016-11-15 22:53:34 INFO  AbstractDAO:23 - All entity from the table 'description' were received.
2016-11-15 22:53:34 INFO  AbstractDAO:23 - All entity from the table 'description' were received.
2016-11-15 22:53:34 INFO  AbstractDAO:24 - All entity from the table 'director' were received.
2016-11-15 22:53:34 INFO  AbstractDAO:24 - All entity from the table 'director' were received.
2016-11-15 22:53:34 INFO  AbstractDAO:24 - All entity from the table 'director' were received.
2016-11-15 22:53:34 INFO  ProducerDAO:89 - All entity from the table 'producer' were received.
2016-11-15 22:53:34 INFO  ProducerDAO:89 - All entity from the table 'producer' were received.
2016-11-15 22:53:34 INFO  ProducerDAO:89 - All entity from the table 'producer' were received.
2016-11-15 22:53:34 INFO  ProducerDAO:89 - All entity from the table 'producer' were received.
2016-11-15 22:54:20 INFO  AbstractDAO:25 - All entity from the table 'movie' were received.
2016-11-15 22:54:20 INFO  AbstractDAO:25 - All entity from the table 'movie' were received.
2016-11-15 22:54:20 INFO  AbstractDAO:25 - All entity from the table 'movie' were received.
2016-11-15 22:54:20 INFO  AbstractDAO:23 - All entity from the table 'description' were received.
2016-11-15 22:54:20 INFO  AbstractDAO:23 - All entity from the table 'description' were received.
2016-11-15 22:54:20 INFO  AbstractDAO:23 - All entity from the table 'description' were received.
2016-11-15 22:54:20 INFO  AbstractDAO:24 - All entity from the table 'director' were received.
2016-11-15 22:54:20 INFO  AbstractDAO:24 - All entity from the table 'director' were received.
2016-11-15 22:54:20 INFO  AbstractDAO:24 - All entity from the table 'director' were received.
2016-11-15 22:54:20 INFO  ProducerDAO:89 - All entity from the table 'producer' were received.
2016-11-15 22:54:20 INFO  ProducerDAO:89 - All entity from the table 'producer' were received.
2016-11-15 22:54:20 INFO  ProducerDAO:89 - All entity from the table 'producer' were received.
2016-11-15 22:54:20 INFO  ProducerDAO:89 - All entity from the table 'producer' were received.
2016-11-15 22:59:42 INFO  AbstractDAO:25 - All entity from the table 'movie' were received.
2016-11-15 22:59:42 INFO  AbstractDAO:25 - All entity from the table 'movie' were received.
2016-11-15 22:59:42 INFO  AbstractDAO:25 - All entity from the table 'movie' were received.
2016-11-15 22:59:42 INFO  AbstractDAO:23 - All entity from the table 'description' were received.
2016-11-15 22:59:42 INFO  AbstractDAO:23 - All entity from the table 'description' were received.
2016-11-15 22:59:42 INFO  AbstractDAO:23 - All entity from the table 'description' were received.
2016-11-15 22:59:42 INFO  AbstractDAO:24 - All entity from the table 'director' were received.
2016-11-15 22:59:42 INFO  AbstractDAO:24 - All entity from the table 'director' were received.
2016-11-15 22:59:42 INFO  AbstractDAO:24 - All entity from the table 'director' were received.
2016-11-15 22:59:42 INFO  ProducerDAO:89 - All entity from the table 'producer' were received.
2016-11-15 22:59:42 INFO  ProducerDAO:89 - All entity from the table 'producer' were received.
2016-11-15 22:59:42 INFO  ProducerDAO:89 - All entity from the table 'producer' were received.
2016-11-15 22:59:42 INFO  ProducerDAO:89 - All entity from the table 'producer' were received.
2016-11-15 22:59:44 INFO  AbstractDAO:25 - All entity from the table 'movie' were received.
2016-11-15 22:59:44 INFO  AbstractDAO:25 - All entity from the table 'movie' were received.
2016-11-15 22:59:44 INFO  AbstractDAO:25 - All entity from the table 'movie' were received.
2016-11-15 22:59:44 INFO  AbstractDAO:23 - All entity from the table 'description' were received.
2016-11-15 22:59:44 INFO  AbstractDAO:23 - All entity from the table 'description' were received.
2016-11-15 22:59:44 INFO  AbstractDAO:23 - All entity from the table 'description' were received.
2016-11-15 22:59:44 INFO  AbstractDAO:24 - All entity from the table 'director' were received.
2016-11-15 22:59:44 INFO  AbstractDAO:24 - All entity from the table 'director' were received.
2016-11-15 22:59:44 INFO  AbstractDAO:24 - All entity from the table 'director' were received.
2016-11-15 22:59:44 INFO  ProducerDAO:89 - All entity from the table 'producer' were received.
2016-11-15 22:59:44 INFO  ProducerDAO:89 - All entity from the table 'producer' were received.
2016-11-15 22:59:44 INFO  ProducerDAO:89 - All entity from the table 'producer' were received.
2016-11-15 22:59:44 INFO  ProducerDAO:89 - All entity from the table 'producer' were received.
2016-11-15 23:02:45 INFO  AbstractDAO:25 - All entity from the table 'movie' were received.
2016-11-15 23:02:45 INFO  AbstractDAO:25 - All entity from the table 'movie' were received.
2016-11-15 23:02:45 INFO  AbstractDAO:25 - All entity from the table 'movie' were received.
2016-11-15 23:02:45 INFO  AbstractDAO:23 - All entity from the table 'description' were received.
2016-11-15 23:02:45 INFO  AbstractDAO:23 - All entity from the table 'description' were received.
2016-11-15 23:02:45 INFO  AbstractDAO:23 - All entity from the table 'description' were received.
2016-11-15 23:02:45 INFO  AbstractDAO:24 - All entity from the table 'director' were received.
2016-11-15 23:02:45 INFO  AbstractDAO:24 - All entity from the table 'director' were received.
2016-11-15 23:02:45 INFO  AbstractDAO:24 - All entity from the table 'director' were received.
2016-11-15 23:02:45 INFO  ProducerDAO:89 - All entity from the table 'producer' were received.
2016-11-15 23:02:45 INFO  ProducerDAO:89 - All entity from the table 'producer' were received.
2016-11-15 23:02:45 INFO  ProducerDAO:89 - All entity from the table 'producer' were received.
2016-11-15 23:02:45 INFO  ProducerDAO:89 - All entity from the table 'producer' were received.
2016-11-15 23:05:56 INFO  AbstractDAO:25 - All entity from the table 'movie' were received.
2016-11-15 23:05:56 INFO  AbstractDAO:25 - All entity from the table 'movie' were received.
2016-11-15 23:05:56 INFO  AbstractDAO:25 - All entity from the table 'movie' were received.
2016-11-15 23:05:56 INFO  AbstractDAO:23 - All entity from the table 'description' were received.
2016-11-15 23:05:56 INFO  AbstractDAO:23 - All entity from the table 'description' were received.
2016-11-15 23:05:56 INFO  AbstractDAO:23 - All entity from the table 'description' were received.
2016-11-15 23:05:56 INFO  AbstractDAO:24 - All entity from the table 'director' were received.
2016-11-15 23:05:56 INFO  AbstractDAO:24 - All entity from the table 'director' were received.
2016-11-15 23:05:56 INFO  AbstractDAO:24 - All entity from the table 'director' were received.
2016-11-15 23:05:56 INFO  ProducerDAO:89 - All entity from the table 'producer' were received.
2016-11-15 23:05:56 INFO  ProducerDAO:89 - All entity from the table 'producer' were received.
2016-11-15 23:05:56 INFO  ProducerDAO:89 - All entity from the table 'producer' were received.
2016-11-15 23:05:56 INFO  ProducerDAO:89 - All entity from the table 'producer' were received.
2016-11-15 23:06:27 INFO  AbstractDAO:25 - All entity from the table 'movie' were received.
2016-11-15 23:06:27 INFO  AbstractDAO:25 - All entity from the table 'movie' were received.
2016-11-15 23:06:27 INFO  AbstractDAO:25 - All entity from the table 'movie' were received.
2016-11-15 23:06:28 INFO  AbstractDAO:23 - All entity from the table 'description' were received.
2016-11-15 23:06:28 INFO  AbstractDAO:23 - All entity from the table 'description' were received.
2016-11-15 23:06:28 INFO  AbstractDAO:23 - All entity from the table 'description' were received.
2016-11-15 23:06:28 INFO  AbstractDAO:24 - All entity from the table 'director' were received.
2016-11-15 23:06:28 INFO  AbstractDAO:24 - All entity from the table 'director' were received.
2016-11-15 23:06:28 INFO  AbstractDAO:24 - All entity from the table 'director' were received.
2016-11-15 23:06:28 INFO  ProducerDAO:89 - All entity from the table 'producer' were received.
2016-11-15 23:06:28 INFO  ProducerDAO:89 - All entity from the table 'producer' were received.
2016-11-15 23:06:28 INFO  ProducerDAO:89 - All entity from the table 'producer' were received.
2016-11-15 23:06:28 INFO  ProducerDAO:89 - All entity from the table 'producer' were received.
2016-11-15 23:08:59 INFO  AbstractDAO:25 - All entity from the table 'movie' were received.
2016-11-15 23:08:59 INFO  AbstractDAO:25 - All entity from the table 'movie' were received.
2016-11-15 23:08:59 INFO  AbstractDAO:25 - All entity from the table 'movie' were received.
2016-11-15 23:08:59 INFO  AbstractDAO:23 - All entity from the table 'description' were received.
2016-11-15 23:08:59 INFO  AbstractDAO:23 - All entity from the table 'description' were received.
2016-11-15 23:08:59 INFO  AbstractDAO:23 - All entity from the table 'description' were received.
2016-11-15 23:08:59 INFO  AbstractDAO:24 - All entity from the table 'director' were received.
2016-11-15 23:08:59 INFO  AbstractDAO:24 - All entity from the table 'director' were received.
2016-11-15 23:08:59 INFO  AbstractDAO:24 - All entity from the table 'director' were received.
2016-11-15 23:08:59 INFO  ProducerDAO:89 - All entity from the table 'producer' were received.
2016-11-15 23:08:59 INFO  ProducerDAO:89 - All entity from the table 'producer' were received.
2016-11-15 23:08:59 INFO  ProducerDAO:89 - All entity from the table 'producer' were received.
2016-11-15 23:08:59 INFO  ProducerDAO:89 - All entity from the table 'producer' were received.
2016-11-15 23:09:17 INFO  AbstractDAO:23 - All entity from the table 'description' were received.
2016-11-15 23:09:17 INFO  AbstractDAO:36 - An entity(Description{title='asd', content='asd}) was added.
2016-11-15 23:09:17 INFO  AbstractDAO:25 - All entity from the table 'movie' were received.
2016-11-15 23:09:17 INFO  AbstractDAO:25 - All entity from the table 'movie' were received.
2016-11-15 23:09:17 INFO  AbstractDAO:25 - All entity from the table 'movie' were received.
2016-11-15 23:09:17 INFO  AbstractDAO:23 - All entity from the table 'description' were received.
2016-11-15 23:09:17 INFO  AbstractDAO:23 - All entity from the table 'description' were received.
2016-11-15 23:09:17 INFO  AbstractDAO:23 - All entity from the table 'description' were received.
2016-11-15 23:09:17 INFO  AbstractDAO:24 - All entity from the table 'director' were received.
2016-11-15 23:09:17 INFO  AbstractDAO:24 - All entity from the table 'director' were received.
2016-11-15 23:09:17 INFO  AbstractDAO:24 - All entity from the table 'director' were received.
2016-11-15 23:09:17 INFO  ProducerDAO:89 - All entity from the table 'producer' were received.
2016-11-15 23:09:17 INFO  ProducerDAO:89 - All entity from the table 'producer' were received.
2016-11-15 23:09:17 INFO  ProducerDAO:89 - All entity from the table 'producer' were received.
2016-11-15 23:09:17 INFO  ProducerDAO:89 - All entity from the table 'producer' were received.
2016-11-15 23:09:55 INFO  AbstractDAO:25 - All entity from the table 'movie' were received.
2016-11-15 23:09:55 INFO  AbstractDAO:25 - All entity from the table 'movie' were received.
2016-11-15 23:09:55 INFO  AbstractDAO:25 - All entity from the table 'movie' were received.
2016-11-15 23:09:55 INFO  AbstractDAO:23 - All entity from the table 'description' were received.
2016-11-15 23:09:55 INFO  AbstractDAO:23 - All entity from the table 'description' were received.
2016-11-15 23:09:55 INFO  AbstractDAO:23 - All entity from the table 'description' were received.
2016-11-15 23:09:55 INFO  AbstractDAO:24 - All entity from the table 'director' were received.
2016-11-15 23:09:55 INFO  AbstractDAO:24 - All entity from the table 'director' were received.
2016-11-15 23:09:55 INFO  AbstractDAO:24 - All entity from the table 'director' were received.
2016-11-15 23:09:55 INFO  ProducerDAO:89 - All entity from the table 'producer' were received.
2016-11-15 23:09:55 INFO  ProducerDAO:89 - All entity from the table 'producer' were received.
2016-11-15 23:09:55 INFO  ProducerDAO:89 - All entity from the table 'producer' were received.
2016-11-15 23:09:55 INFO  ProducerDAO:89 - All entity from the table 'producer' were received.
2016-11-15 23:09:56 INFO  AbstractDAO:25 - All entity from the table 'movie' were received.
2016-11-15 23:09:56 INFO  AbstractDAO:25 - All entity from the table 'movie' were received.
2016-11-15 23:09:56 INFO  AbstractDAO:25 - All entity from the table 'movie' were received.
2016-11-15 23:09:56 INFO  AbstractDAO:23 - All entity from the table 'description' were received.
2016-11-15 23:09:56 INFO  AbstractDAO:23 - All entity from the table 'description' were received.
2016-11-15 23:09:56 INFO  AbstractDAO:23 - All entity from the table 'description' were received.
2016-11-15 23:09:56 INFO  AbstractDAO:24 - All entity from the table 'director' were received.
2016-11-15 23:09:56 INFO  AbstractDAO:24 - All entity from the table 'director' were received.
2016-11-15 23:09:56 INFO  AbstractDAO:24 - All entity from the table 'director' were received.
2016-11-15 23:09:56 INFO  ProducerDAO:89 - All entity from the table 'producer' were received.
2016-11-15 23:09:56 INFO  ProducerDAO:89 - All entity from the table 'producer' were received.
2016-11-15 23:09:56 INFO  ProducerDAO:89 - All entity from the table 'producer' were received.
2016-11-15 23:09:56 INFO  ProducerDAO:89 - All entity from the table 'producer' were received.
2016-11-15 23:12:36 INFO  AbstractDAO:25 - All entity from the table 'movie' were received.
2016-11-15 23:12:36 INFO  AbstractDAO:25 - All entity from the table 'movie' were received.
2016-11-15 23:12:36 INFO  AbstractDAO:25 - All entity from the table 'movie' were received.
2016-11-15 23:12:36 INFO  AbstractDAO:23 - All entity from the table 'description' were received.
2016-11-15 23:12:36 INFO  AbstractDAO:23 - All entity from the table 'description' were received.
2016-11-15 23:12:36 INFO  AbstractDAO:23 - All entity from the table 'description' were received.
2016-11-15 23:12:36 INFO  AbstractDAO:24 - All entity from the table 'director' were received.
2016-11-15 23:12:36 INFO  AbstractDAO:24 - All entity from the table 'director' were received.
2016-11-15 23:12:36 INFO  AbstractDAO:24 - All entity from the table 'director' were received.
2016-11-15 23:12:36 INFO  ProducerDAO:89 - All entity from the table 'producer' were received.
2016-11-15 23:12:36 INFO  ProducerDAO:89 - All entity from the table 'producer' were received.
2016-11-15 23:12:36 INFO  ProducerDAO:89 - All entity from the table 'producer' were received.
2016-11-15 23:12:36 INFO  ProducerDAO:89 - All entity from the table 'producer' were received.
2016-11-15 23:13:16 INFO  AbstractDAO:25 - All entity from the table 'movie' were received.
2016-11-15 23:13:16 INFO  AbstractDAO:25 - All entity from the table 'movie' were received.
2016-11-15 23:13:16 INFO  AbstractDAO:25 - All entity from the table 'movie' were received.
2016-11-15 23:13:16 INFO  AbstractDAO:23 - All entity from the table 'description' were received.
2016-11-15 23:13:16 INFO  AbstractDAO:23 - All entity from the table 'description' were received.
2016-11-15 23:13:16 INFO  AbstractDAO:23 - All entity from the table 'description' were received.
2016-11-15 23:13:16 INFO  AbstractDAO:24 - All entity from the table 'director' were received.
2016-11-15 23:13:16 INFO  AbstractDAO:24 - All entity from the table 'director' were received.
2016-11-15 23:13:16 INFO  AbstractDAO:24 - All entity from the table 'director' were received.
2016-11-15 23:13:16 INFO  ProducerDAO:89 - All entity from the table 'producer' were received.
2016-11-15 23:13:16 INFO  ProducerDAO:89 - All entity from the table 'producer' were received.
2016-11-15 23:13:16 INFO  ProducerDAO:89 - All entity from the table 'producer' were received.
2016-11-15 23:13:16 INFO  ProducerDAO:89 - All entity from the table 'producer' were received.
2016-11-15 23:14:51 INFO  AbstractDAO:25 - All entity from the table 'movie' were received.
2016-11-15 23:14:51 INFO  AbstractDAO:25 - All entity from the table 'movie' were received.
2016-11-15 23:14:51 INFO  AbstractDAO:25 - All entity from the table 'movie' were received.
2016-11-15 23:14:51 INFO  AbstractDAO:23 - All entity from the table 'description' were received.
2016-11-15 23:14:51 INFO  AbstractDAO:23 - All entity from the table 'description' were received.
2016-11-15 23:14:51 INFO  AbstractDAO:23 - All entity from the table 'description' were received.
2016-11-15 23:14:51 INFO  AbstractDAO:24 - All entity from the table 'director' were received.
2016-11-15 23:14:51 INFO  AbstractDAO:24 - All entity from the table 'director' were received.
2016-11-15 23:14:51 INFO  AbstractDAO:24 - All entity from the table 'director' were received.
2016-11-15 23:14:51 INFO  ProducerDAO:89 - All entity from the table 'producer' were received.
2016-11-15 23:14:51 INFO  ProducerDAO:89 - All entity from the table 'producer' were received.
2016-11-15 23:14:51 INFO  ProducerDAO:89 - All entity from the table 'producer' were received.
2016-11-15 23:14:51 INFO  ProducerDAO:89 - All entity from the table 'producer' were received.
2016-11-15 23:27:04 INFO  AbstractDAO:25 - All entity from the table 'movie' were received.
2016-11-15 23:27:04 INFO  AbstractDAO:25 - All entity from the table 'movie' were received.
2016-11-15 23:27:04 INFO  AbstractDAO:25 - All entity from the table 'movie' were received.
2016-11-15 23:27:04 INFO  AbstractDAO:23 - All entity from the table 'description' were received.
2016-11-15 23:27:04 INFO  AbstractDAO:23 - All entity from the table 'description' were received.
2016-11-15 23:27:04 INFO  AbstractDAO:23 - All entity from the table 'description' were received.
2016-11-15 23:27:04 INFO  AbstractDAO:24 - All entity from the table 'director' were received.
2016-11-15 23:27:04 INFO  AbstractDAO:24 - All entity from the table 'director' were received.
2016-11-15 23:27:04 INFO  AbstractDAO:24 - All entity from the table 'director' were received.
2016-11-15 23:27:04 INFO  ProducerDAO:89 - All entity from the table 'producer' were received.
2016-11-15 23:27:04 INFO  ProducerDAO:89 - All entity from the table 'producer' were received.
2016-11-15 23:27:04 INFO  ProducerDAO:89 - All entity from the table 'producer' were received.
2016-11-15 23:27:04 INFO  ProducerDAO:89 - All entity from the table 'producer' were received.
2016-11-16 13:23:01 INFO  AbstractDAO:25 - All entity from the table 'movie' were received.
2016-11-16 13:23:01 INFO  AbstractDAO:25 - All entity from the table 'movie' were received.
2016-11-16 13:23:01 INFO  AbstractDAO:25 - All entity from the table 'movie' were received.
2016-11-16 13:23:01 INFO  AbstractDAO:23 - All entity from the table 'description' were received.
2016-11-16 13:23:01 INFO  AbstractDAO:23 - All entity from the table 'description' were received.
2016-11-16 13:23:01 INFO  AbstractDAO:23 - All entity from the table 'description' were received.
2016-11-16 13:23:01 INFO  AbstractDAO:24 - All entity from the table 'director' were received.
2016-11-16 13:23:01 INFO  AbstractDAO:24 - All entity from the table 'director' were received.
2016-11-16 13:23:01 INFO  AbstractDAO:24 - All entity from the table 'director' were received.
2016-11-16 13:23:01 INFO  ProducerDAO:89 - All entity from the table 'producer' were received.
2016-11-16 13:23:01 INFO  ProducerDAO:89 - All entity from the table 'producer' were received.
2016-11-16 13:23:01 INFO  ProducerDAO:89 - All entity from the table 'producer' were received.
2016-11-16 13:23:01 INFO  ProducerDAO:89 - All entity from the table 'producer' were received.
2016-11-16 13:23:02 INFO  AbstractDAO:25 - All entity from the table 'movie' were received.
2016-11-16 13:23:02 INFO  AbstractDAO:25 - All entity from the table 'movie' were received.
2016-11-16 13:23:02 INFO  AbstractDAO:25 - All entity from the table 'movie' were received.
2016-11-16 13:23:02 INFO  AbstractDAO:23 - All entity from the table 'description' were received.
2016-11-16 13:23:02 INFO  AbstractDAO:23 - All entity from the table 'description' were received.
2016-11-16 13:23:02 INFO  AbstractDAO:23 - All entity from the table 'description' were received.
2016-11-16 13:23:02 INFO  AbstractDAO:24 - All entity from the table 'director' were received.
2016-11-16 13:23:02 INFO  AbstractDAO:24 - All entity from the table 'director' were received.
2016-11-16 13:23:02 INFO  AbstractDAO:24 - All entity from the table 'director' were received.
2016-11-16 13:23:02 INFO  ProducerDAO:89 - All entity from the table 'producer' were received.
2016-11-16 13:23:02 INFO  ProducerDAO:89 - All entity from the table 'producer' were received.
2016-11-16 13:23:02 INFO  ProducerDAO:89 - All entity from the table 'producer' were received.
2016-11-16 13:23:02 INFO  ProducerDAO:89 - All entity from the table 'producer' were received.
2016-11-16 13:28:27 INFO  AbstractDAO:25 - All entity from the table 'movie' were received.
2016-11-16 13:28:27 INFO  AbstractDAO:25 - All entity from the table 'movie' were received.
2016-11-16 13:28:27 INFO  AbstractDAO:25 - All entity from the table 'movie' were received.
2016-11-16 13:28:27 INFO  AbstractDAO:23 - All entity from the table 'description' were received.
2016-11-16 13:28:27 INFO  AbstractDAO:23 - All entity from the table 'description' were received.
2016-11-16 13:28:27 INFO  AbstractDAO:23 - All entity from the table 'description' were received.
2016-11-16 13:28:27 INFO  AbstractDAO:24 - All entity from the table 'director' were received.
2016-11-16 13:28:27 INFO  AbstractDAO:24 - All entity from the table 'director' were received.
2016-11-16 13:28:27 INFO  AbstractDAO:24 - All entity from the table 'director' were received.
2016-11-16 13:28:27 INFO  ProducerDAO:89 - All entity from the table 'producer' were received.
2016-11-16 13:28:27 INFO  ProducerDAO:89 - All entity from the table 'producer' were received.
2016-11-16 13:28:28 INFO  ProducerDAO:89 - All entity from the table 'producer' were received.
2016-11-16 13:28:28 INFO  ProducerDAO:89 - All entity from the table 'producer' were received.
2016-11-16 13:28:30 INFO  AbstractDAO:25 - All entity from the table 'movie' were received.
2016-11-16 13:28:31 INFO  AbstractDAO:25 - All entity from the table 'movie' were received.
2016-11-16 13:28:31 INFO  AbstractDAO:25 - All entity from the table 'movie' were received.
2016-11-16 13:28:31 INFO  AbstractDAO:25 - All entity from the table 'movie' were received.
2016-11-16 13:28:31 INFO  AbstractDAO:25 - All entity from the table 'movie' were received.
2016-11-16 13:28:31 INFO  AbstractDAO:25 - All entity from the table 'movie' were received.
2016-11-16 13:28:31 INFO  AbstractDAO:25 - All entity from the table 'movie' were received.
2016-11-16 13:28:31 INFO  AbstractDAO:25 - All entity from the table 'movie' were received.
2016-11-16 13:28:31 INFO  AbstractDAO:25 - All entity from the table 'movie' were received.
2016-11-16 13:28:31 INFO  AbstractDAO:25 - All entity from the table 'movie' were received.
2016-11-16 13:28:33 INFO  AbstractDAO:25 - All entity from the table 'movie' were received.
2016-11-16 13:28:33 INFO  AbstractDAO:25 - All entity from the table 'movie' were received.
2016-11-16 13:28:33 INFO  AbstractDAO:25 - All entity from the table 'movie' were received.
2016-11-16 13:28:33 INFO  AbstractDAO:23 - All entity from the table 'description' were received.
2016-11-16 13:28:33 INFO  AbstractDAO:23 - All entity from the table 'description' were received.
2016-11-16 13:28:33 INFO  AbstractDAO:23 - All entity from the table 'description' were received.
2016-11-16 13:28:33 INFO  AbstractDAO:24 - All entity from the table 'director' were received.
2016-11-16 13:28:33 INFO  AbstractDAO:24 - All entity from the table 'director' were received.
2016-11-16 13:28:33 INFO  AbstractDAO:24 - All entity from the table 'director' were received.
2016-11-16 13:28:33 INFO  ProducerDAO:89 - All entity from the table 'producer' were received.
2016-11-16 13:28:33 INFO  ProducerDAO:89 - All entity from the table 'producer' were received.
2016-11-16 13:28:33 INFO  ProducerDAO:89 - All entity from the table 'producer' were received.
2016-11-16 13:28:33 INFO  ProducerDAO:89 - All entity from the table 'producer' were received.
2016-11-16 13:28:58 INFO  AbstractDAO:25 - All entity from the table 'movie' were received.
2016-11-16 13:28:58 INFO  AbstractDAO:25 - All entity from the table 'movie' were received.
2016-11-16 13:28:58 INFO  AbstractDAO:25 - All entity from the table 'movie' were received.
2016-11-16 13:28:58 INFO  AbstractDAO:23 - All entity from the table 'description' were received.
2016-11-16 13:28:59 INFO  AbstractDAO:23 - All entity from the table 'description' were received.
2016-11-16 13:28:59 INFO  AbstractDAO:23 - All entity from the table 'description' were received.
2016-11-16 13:28:59 INFO  AbstractDAO:24 - All entity from the table 'director' were received.
2016-11-16 13:28:59 INFO  AbstractDAO:24 - All entity from the table 'director' were received.
2016-11-16 13:28:59 INFO  AbstractDAO:24 - All entity from the table 'director' were received.
2016-11-16 13:28:59 INFO  ProducerDAO:89 - All entity from the table 'producer' were received.
2016-11-16 13:28:59 INFO  ProducerDAO:89 - All entity from the table 'producer' were received.
2016-11-16 13:28:59 INFO  ProducerDAO:89 - All entity from the table 'producer' were received.
2016-11-16 13:28:59 INFO  ProducerDAO:89 - All entity from the table 'producer' were received.
2016-11-16 13:29:02 INFO  AbstractDAO:25 - All entity from the table 'movie' were received.
2016-11-16 13:29:02 INFO  AbstractDAO:25 - All entity from the table 'movie' were received.
2016-11-16 13:29:02 INFO  AbstractDAO:25 - All entity from the table 'movie' were received.
2016-11-16 13:29:02 INFO  AbstractDAO:25 - All entity from the table 'movie' were received.
2016-11-16 13:29:02 INFO  AbstractDAO:25 - All entity from the table 'movie' were received.
2016-11-16 13:29:02 INFO  AbstractDAO:25 - All entity from the table 'movie' were received.
2016-11-16 13:29:02 INFO  AbstractDAO:25 - All entity from the table 'movie' were received.
2016-11-16 13:29:02 INFO  AbstractDAO:25 - All entity from the table 'movie' were received.
2016-11-16 13:29:02 INFO  AbstractDAO:25 - All entity from the table 'movie' were received.
2016-11-16 13:29:02 INFO  AbstractDAO:25 - All entity from the table 'movie' were received.
2016-11-16 13:29:40 INFO  AbstractDAO:25 - All entity from the table 'movie' were received.
2016-11-16 13:29:40 INFO  AbstractDAO:25 - All entity from the table 'movie' were received.
2016-11-16 13:29:40 INFO  AbstractDAO:25 - All entity from the table 'movie' were received.
2016-11-16 13:29:40 INFO  AbstractDAO:25 - All entity from the table 'movie' were received.
2016-11-16 13:29:40 INFO  AbstractDAO:25 - All entity from the table 'movie' were received.
2016-11-16 13:29:40 INFO  AbstractDAO:25 - All entity from the table 'movie' were received.
2016-11-16 13:29:40 INFO  AbstractDAO:25 - All entity from the table 'movie' were received.
2016-11-16 13:29:40 INFO  AbstractDAO:25 - All entity from the table 'movie' were received.
2016-11-16 13:29:40 INFO  AbstractDAO:25 - All entity from the table 'movie' were received.
2016-11-16 13:29:40 INFO  AbstractDAO:25 - All entity from the table 'movie' were received.
2016-11-16 13:29:40 ERROR SearchDAO:57 - OFFER:: Transaction error! Director (Director{ 1 1}) did not agree
2016-11-16 13:29:40 ERROR SearchDAO:31 - SEARCH:: Transaction error! Director (Director{ 1 1}) did not agree.
2016-11-16 13:29:40 INFO  AbstractDAO:24 - All entity from the table 'director' were received.
2016-11-16 13:29:40 ERROR SearchDAO:57 - OFFER:: Transaction error! Director (Director{ 123 123}) did not agree
2016-11-16 13:29:40 ERROR SearchDAO:41 - SEARCH:: Transaction error! Director (Director{ 123 123}) did not agree.
2016-11-16 13:29:40 ERROR SearchDAO:57 - OFFER:: Transaction error! Director (Director{ 12 12}) did not agree
2016-11-16 13:29:40 ERROR SearchDAO:41 - SEARCH:: Transaction error! Director (Director{ 12 12}) did not agree.
2016-11-16 13:29:40 ERROR SearchDAO:60 - OFFER:: Director (Director{ qwe qwe}) agreed.
2016-11-16 13:29:40 INFO  SearchDAO:39 - Director (Director{ qwe qwe}) agreed
2016-11-16 13:29:40 INFO  SearchDAO:49 - SEARCH:: Transaction finished.
2016-11-16 13:29:40 INFO  AbstractDAO:25 - All entity from the table 'movie' were received.
2016-11-16 13:29:40 INFO  AbstractDAO:25 - All entity from the table 'movie' were received.
2016-11-16 13:29:40 INFO  AbstractDAO:25 - All entity from the table 'movie' were received.
2016-11-16 13:29:40 INFO  AbstractDAO:23 - All entity from the table 'description' were received.
2016-11-16 13:29:40 INFO  AbstractDAO:23 - All entity from the table 'description' were received.
2016-11-16 13:29:40 INFO  AbstractDAO:23 - All entity from the table 'description' were received.
2016-11-16 13:29:40 INFO  AbstractDAO:24 - All entity from the table 'director' were received.
2016-11-16 13:29:40 INFO  AbstractDAO:24 - All entity from the table 'director' were received.
2016-11-16 13:29:40 INFO  AbstractDAO:24 - All entity from the table 'director' were received.
2016-11-16 13:29:40 INFO  ProducerDAO:89 - All entity from the table 'producer' were received.
2016-11-16 13:29:40 INFO  ProducerDAO:89 - All entity from the table 'producer' were received.
2016-11-16 13:29:40 INFO  ProducerDAO:89 - All entity from the table 'producer' were received.
2016-11-16 13:29:40 INFO  ProducerDAO:89 - All entity from the table 'producer' were received.
2016-11-16 13:29:46 INFO  AbstractDAO:25 - All entity from the table 'movie' were received.
2016-11-16 13:29:46 INFO  AbstractDAO:25 - All entity from the table 'movie' were received.
2016-11-16 13:29:47 INFO  AbstractDAO:25 - All entity from the table 'movie' were received.
2016-11-16 13:29:47 INFO  AbstractDAO:25 - All entity from the table 'movie' were received.
2016-11-16 13:29:47 INFO  AbstractDAO:25 - All entity from the table 'movie' were received.
2016-11-16 13:29:47 INFO  AbstractDAO:25 - All entity from the table 'movie' were received.
2016-11-16 13:29:47 INFO  AbstractDAO:25 - All entity from the table 'movie' were received.
2016-11-16 13:29:47 INFO  AbstractDAO:25 - All entity from the table 'movie' were received.
2016-11-16 13:29:47 INFO  AbstractDAO:25 - All entity from the table 'movie' were received.
2016-11-16 13:29:47 INFO  AbstractDAO:25 - All entity from the table 'movie' were received.
2016-11-16 13:30:34 INFO  AbstractDAO:25 - All entity from the table 'movie' were received.
2016-11-16 13:30:34 INFO  AbstractDAO:25 - All entity from the table 'movie' were received.
2016-11-16 13:30:34 INFO  AbstractDAO:25 - All entity from the table 'movie' were received.
2016-11-16 13:30:34 INFO  AbstractDAO:23 - All entity from the table 'description' were received.
2016-11-16 13:30:34 INFO  AbstractDAO:23 - All entity from the table 'description' were received.
2016-11-16 13:30:34 INFO  AbstractDAO:23 - All entity from the table 'description' were received.
2016-11-16 13:30:34 INFO  AbstractDAO:24 - All entity from the table 'director' were received.
2016-11-16 13:30:34 INFO  AbstractDAO:24 - All entity from the table 'director' were received.
2016-11-16 13:30:34 INFO  AbstractDAO:24 - All entity from the table 'director' were received.
2016-11-16 13:30:34 INFO  ProducerDAO:89 - All entity from the table 'producer' were received.
2016-11-16 13:30:34 INFO  ProducerDAO:89 - All entity from the table 'producer' were received.
2016-11-16 13:30:34 INFO  ProducerDAO:89 - All entity from the table 'producer' were received.
2016-11-16 13:30:34 INFO  ProducerDAO:89 - All entity from the table 'producer' were received.
2016-11-16 13:30:36 INFO  AbstractDAO:25 - All entity from the table 'movie' were received.
2016-11-16 13:30:36 INFO  AbstractDAO:25 - All entity from the table 'movie' were received.
2016-11-16 13:30:36 INFO  AbstractDAO:25 - All entity from the table 'movie' were received.
2016-11-16 13:30:36 INFO  AbstractDAO:25 - All entity from the table 'movie' were received.
2016-11-16 13:30:36 INFO  AbstractDAO:25 - All entity from the table 'movie' were received.
2016-11-16 13:30:36 INFO  AbstractDAO:25 - All entity from the table 'movie' were received.
2016-11-16 13:30:36 INFO  AbstractDAO:25 - All entity from the table 'movie' were received.
2016-11-16 13:30:36 INFO  AbstractDAO:25 - All entity from the table 'movie' were received.
2016-11-16 13:30:36 INFO  AbstractDAO:25 - All entity from the table 'movie' were received.
2016-11-16 13:30:36 INFO  AbstractDAO:25 - All entity from the table 'movie' were received.
2016-11-16 13:30:39 INFO  AbstractDAO:25 - All entity from the table 'movie' were received.
2016-11-16 13:30:39 INFO  AbstractDAO:25 - All entity from the table 'movie' were received.
2016-11-16 13:30:39 INFO  AbstractDAO:25 - All entity from the table 'movie' were received.
2016-11-16 13:30:39 INFO  AbstractDAO:23 - All entity from the table 'description' were received.
2016-11-16 13:30:39 INFO  AbstractDAO:23 - All entity from the table 'description' were received.
2016-11-16 13:30:39 INFO  AbstractDAO:23 - All entity from the table 'description' were received.
2016-11-16 13:30:39 INFO  AbstractDAO:24 - All entity from the table 'director' were received.
2016-11-16 13:30:39 INFO  AbstractDAO:24 - All entity from the table 'director' were received.
2016-11-16 13:30:39 INFO  AbstractDAO:24 - All entity from the table 'director' were received.
2016-11-16 13:30:39 INFO  ProducerDAO:89 - All entity from the table 'producer' were received.
2016-11-16 13:30:39 INFO  ProducerDAO:89 - All entity from the table 'producer' were received.
2016-11-16 13:30:39 INFO  ProducerDAO:89 - All entity from the table 'producer' were received.
2016-11-16 13:30:39 INFO  ProducerDAO:89 - All entity from the table 'producer' were received.
2016-11-16 13:30:53 INFO  AbstractDAO:25 - All entity from the table 'movie' were received.
2016-11-16 13:30:53 INFO  AbstractDAO:25 - All entity from the table 'movie' were received.
2016-11-16 13:30:53 INFO  AbstractDAO:25 - All entity from the table 'movie' were received.
2016-11-16 13:30:53 INFO  AbstractDAO:23 - All entity from the table 'description' were received.
2016-11-16 13:30:53 INFO  AbstractDAO:23 - All entity from the table 'description' were received.
2016-11-16 13:30:53 INFO  AbstractDAO:23 - All entity from the table 'description' were received.
2016-11-16 13:30:53 INFO  AbstractDAO:24 - All entity from the table 'director' were received.
2016-11-16 13:30:53 INFO  AbstractDAO:24 - All entity from the table 'director' were received.
2016-11-16 13:30:53 INFO  AbstractDAO:24 - All entity from the table 'director' were received.
2016-11-16 13:30:53 INFO  ProducerDAO:89 - All entity from the table 'producer' were received.
2016-11-16 13:30:53 INFO  ProducerDAO:89 - All entity from the table 'producer' were received.
2016-11-16 13:30:53 INFO  ProducerDAO:89 - All entity from the table 'producer' were received.
2016-11-16 13:30:53 INFO  ProducerDAO:89 - All entity from the table 'producer' were received.
2016-11-16 13:32:39 INFO  AbstractDAO:25 - All entity from the table 'movie' were received.
2016-11-16 13:32:39 INFO  AbstractDAO:25 - All entity from the table 'movie' were received.
2016-11-16 13:32:39 INFO  AbstractDAO:25 - All entity from the table 'movie' were received.
2016-11-16 13:32:39 INFO  AbstractDAO:23 - All entity from the table 'description' were received.
2016-11-16 13:32:39 INFO  AbstractDAO:23 - All entity from the table 'description' were received.
2016-11-16 13:32:39 INFO  AbstractDAO:23 - All entity from the table 'description' were received.
2016-11-16 13:32:39 INFO  AbstractDAO:24 - All entity from the table 'director' were received.
2016-11-16 13:32:39 INFO  AbstractDAO:24 - All entity from the table 'director' were received.
2016-11-16 13:32:39 INFO  AbstractDAO:24 - All entity from the table 'director' were received.
2016-11-16 13:32:39 INFO  ProducerDAO:89 - All entity from the table 'producer' were received.
2016-11-16 13:32:39 INFO  ProducerDAO:89 - All entity from the table 'producer' were received.
2016-11-16 13:32:39 INFO  ProducerDAO:89 - All entity from the table 'producer' were received.
2016-11-16 13:32:39 INFO  ProducerDAO:89 - All entity from the table 'producer' were received.
2016-11-16 13:32:41 INFO  AbstractDAO:25 - All entity from the table 'movie' were received.
2016-11-16 13:32:41 INFO  AbstractDAO:25 - All entity from the table 'movie' were received.
2016-11-16 13:32:41 INFO  AbstractDAO:25 - All entity from the table 'movie' were received.
2016-11-16 13:32:41 INFO  AbstractDAO:23 - All entity from the table 'description' were received.
2016-11-16 13:32:41 INFO  AbstractDAO:23 - All entity from the table 'description' were received.
2016-11-16 13:32:41 INFO  AbstractDAO:23 - All entity from the table 'description' were received.
2016-11-16 13:32:41 INFO  AbstractDAO:24 - All entity from the table 'director' were received.
2016-11-16 13:32:41 INFO  AbstractDAO:24 - All entity from the table 'director' were received.
2016-11-16 13:32:41 INFO  AbstractDAO:24 - All entity from the table 'director' were received.
2016-11-16 13:32:41 INFO  ProducerDAO:89 - All entity from the table 'producer' were received.
2016-11-16 13:32:41 INFO  ProducerDAO:89 - All entity from the table 'producer' were received.
2016-11-16 13:32:41 INFO  ProducerDAO:89 - All entity from the table 'producer' were received.
2016-11-16 13:32:41 INFO  ProducerDAO:89 - All entity from the table 'producer' were received.
2016-11-16 13:32:45 INFO  AbstractDAO:25 - All entity from the table 'movie' were received.
2016-11-16 13:32:45 INFO  AbstractDAO:25 - All entity from the table 'movie' were received.
2016-11-16 13:32:45 INFO  AbstractDAO:25 - All entity from the table 'movie' were received.
2016-11-16 13:32:45 INFO  AbstractDAO:25 - All entity from the table 'movie' were received.
2016-11-16 13:32:45 INFO  AbstractDAO:25 - All entity from the table 'movie' were received.
2016-11-16 13:32:45 INFO  AbstractDAO:25 - All entity from the table 'movie' were received.
2016-11-16 13:32:45 INFO  AbstractDAO:25 - All entity from the table 'movie' were received.
2016-11-16 13:32:45 INFO  AbstractDAO:25 - All entity from the table 'movie' were received.
2016-11-16 13:32:45 INFO  AbstractDAO:25 - All entity from the table 'movie' were received.
2016-11-16 13:32:45 INFO  AbstractDAO:25 - All entity from the table 'movie' were received.
2016-11-16 13:33:57 INFO  AbstractDAO:25 - All entity from the table 'movie' were received.
2016-11-16 13:33:57 INFO  AbstractDAO:25 - All entity from the table 'movie' were received.
2016-11-16 13:33:57 INFO  AbstractDAO:25 - All entity from the table 'movie' were received.
2016-11-16 13:33:57 INFO  AbstractDAO:23 - All entity from the table 'description' were received.
2016-11-16 13:33:57 INFO  AbstractDAO:23 - All entity from the table 'description' were received.
2016-11-16 13:33:57 INFO  AbstractDAO:23 - All entity from the table 'description' were received.
2016-11-16 13:33:57 INFO  AbstractDAO:24 - All entity from the table 'director' were received.
2016-11-16 13:33:57 INFO  AbstractDAO:24 - All entity from the table 'director' were received.
2016-11-16 13:33:57 INFO  AbstractDAO:24 - All entity from the table 'director' were received.
2016-11-16 13:33:57 INFO  ProducerDAO:89 - All entity from the table 'producer' were received.
2016-11-16 13:33:57 INFO  ProducerDAO:89 - All entity from the table 'producer' were received.
2016-11-16 13:33:57 INFO  ProducerDAO:89 - All entity from the table 'producer' were received.
2016-11-16 13:33:57 INFO  ProducerDAO:89 - All entity from the table 'producer' were received.
2016-11-16 13:33:59 INFO  AbstractDAO:25 - All entity from the table 'movie' were received.
2016-11-16 13:33:59 INFO  AbstractDAO:25 - All entity from the table 'movie' were received.
2016-11-16 13:33:59 INFO  AbstractDAO:25 - All entity from the table 'movie' were received.
2016-11-16 13:33:59 INFO  AbstractDAO:25 - All entity from the table 'movie' were received.
2016-11-16 13:33:59 INFO  AbstractDAO:25 - All entity from the table 'movie' were received.
2016-11-16 13:33:59 INFO  AbstractDAO:25 - All entity from the table 'movie' were received.
2016-11-16 13:33:59 INFO  AbstractDAO:25 - All entity from the table 'movie' were received.
2016-11-16 13:33:59 INFO  AbstractDAO:25 - All entity from the table 'movie' were received.
2016-11-16 13:33:59 INFO  AbstractDAO:25 - All entity from the table 'movie' were received.
2016-11-16 13:33:59 INFO  AbstractDAO:25 - All entity from the table 'movie' were received.
2016-11-16 13:34:00 INFO  AbstractDAO:25 - All entity from the table 'movie' were received.
2016-11-16 13:34:00 INFO  AbstractDAO:25 - All entity from the table 'movie' were received.
2016-11-16 13:34:00 INFO  AbstractDAO:25 - All entity from the table 'movie' were received.
2016-11-16 13:34:00 INFO  AbstractDAO:23 - All entity from the table 'description' were received.
2016-11-16 13:34:00 INFO  AbstractDAO:23 - All entity from the table 'description' were received.
2016-11-16 13:34:00 INFO  AbstractDAO:23 - All entity from the table 'description' were received.
2016-11-16 13:34:00 INFO  AbstractDAO:24 - All entity from the table 'director' were received.
2016-11-16 13:34:00 INFO  AbstractDAO:24 - All entity from the table 'director' were received.
2016-11-16 13:34:00 INFO  AbstractDAO:24 - All entity from the table 'director' were received.
2016-11-16 13:34:00 INFO  ProducerDAO:89 - All entity from the table 'producer' were received.
2016-11-16 13:34:00 INFO  ProducerDAO:89 - All entity from the table 'producer' were received.
2016-11-16 13:34:00 INFO  ProducerDAO:89 - All entity from the table 'producer' were received.
2016-11-16 13:34:00 INFO  ProducerDAO:89 - All entity from the table 'producer' were received.
2016-11-16 13:35:34 INFO  AbstractDAO:25 - All entity from the table 'movie' were received.
2016-11-16 13:35:34 INFO  AbstractDAO:25 - All entity from the table 'movie' were received.
2016-11-16 13:35:34 INFO  AbstractDAO:25 - All entity from the table 'movie' were received.
2016-11-16 13:35:34 INFO  AbstractDAO:23 - All entity from the table 'description' were received.
2016-11-16 13:35:34 INFO  AbstractDAO:23 - All entity from the table 'description' were received.
2016-11-16 13:35:34 INFO  AbstractDAO:23 - All entity from the table 'description' were received.
2016-11-16 13:35:34 INFO  AbstractDAO:24 - All entity from the table 'director' were received.
2016-11-16 13:35:34 INFO  AbstractDAO:24 - All entity from the table 'director' were received.
2016-11-16 13:35:34 INFO  AbstractDAO:24 - All entity from the table 'director' were received.
2016-11-16 13:35:34 INFO  ProducerDAO:89 - All entity from the table 'producer' were received.
2016-11-16 13:35:34 INFO  ProducerDAO:89 - All entity from the table 'producer' were received.
2016-11-16 13:35:34 INFO  ProducerDAO:89 - All entity from the table 'producer' were received.
2016-11-16 13:35:34 INFO  ProducerDAO:89 - All entity from the table 'producer' were received.
2016-11-16 13:35:51 INFO  AbstractDAO:25 - All entity from the table 'movie' were received.
2016-11-16 13:35:51 INFO  AbstractDAO:25 - All entity from the table 'movie' were received.
2016-11-16 13:35:51 INFO  AbstractDAO:25 - All entity from the table 'movie' were received.
2016-11-16 13:35:51 INFO  AbstractDAO:23 - All entity from the table 'description' were received.
2016-11-16 13:35:51 INFO  AbstractDAO:23 - All entity from the table 'description' were received.
2016-11-16 13:35:51 INFO  AbstractDAO:23 - All entity from the table 'description' were received.
2016-11-16 13:35:51 INFO  AbstractDAO:24 - All entity from the table 'director' were received.
2016-11-16 13:35:51 INFO  AbstractDAO:24 - All entity from the table 'director' were received.
2016-11-16 13:35:52 INFO  AbstractDAO:24 - All entity from the table 'director' were received.
2016-11-16 13:35:52 INFO  ProducerDAO:89 - All entity from the table 'producer' were received.
2016-11-16 13:35:52 INFO  ProducerDAO:89 - All entity from the table 'producer' were received.
2016-11-16 13:35:52 INFO  ProducerDAO:89 - All entity from the table 'producer' were received.
2016-11-16 13:35:52 INFO  ProducerDAO:89 - All entity from the table 'producer' were received.
2016-11-16 13:35:53 INFO  AbstractDAO:25 - All entity from the table 'movie' were received.
2016-11-16 13:35:53 INFO  AbstractDAO:25 - All entity from the table 'movie' were received.
2016-11-16 13:35:53 INFO  AbstractDAO:25 - All entity from the table 'movie' were received.
2016-11-16 13:35:53 INFO  AbstractDAO:25 - All entity from the table 'movie' were received.
2016-11-16 13:35:53 INFO  AbstractDAO:25 - All entity from the table 'movie' were received.
2016-11-16 13:35:53 INFO  AbstractDAO:25 - All entity from the table 'movie' were received.
2016-11-16 13:35:53 INFO  AbstractDAO:25 - All entity from the table 'movie' were received.
2016-11-16 13:35:53 INFO  AbstractDAO:25 - All entity from the table 'movie' were received.
2016-11-16 13:35:53 INFO  AbstractDAO:25 - All entity from the table 'movie' were received.
2016-11-16 13:35:53 INFO  AbstractDAO:25 - All entity from the table 'movie' were received.
2016-11-16 13:36:47 INFO  AbstractDAO:25 - All entity from the table 'movie' were received.
2016-11-16 13:36:47 INFO  AbstractDAO:25 - All entity from the table 'movie' were received.
2016-11-16 13:36:47 INFO  AbstractDAO:25 - All entity from the table 'movie' were received.
2016-11-16 13:36:47 INFO  AbstractDAO:23 - All entity from the table 'description' were received.
2016-11-16 13:36:47 INFO  AbstractDAO:23 - All entity from the table 'description' were received.
2016-11-16 13:36:47 INFO  AbstractDAO:23 - All entity from the table 'description' were received.
2016-11-16 13:36:47 INFO  AbstractDAO:24 - All entity from the table 'director' were received.
2016-11-16 13:36:47 INFO  AbstractDAO:24 - All entity from the table 'director' were received.
2016-11-16 13:36:47 INFO  AbstractDAO:24 - All entity from the table 'director' were received.
2016-11-16 13:36:47 INFO  ProducerDAO:89 - All entity from the table 'producer' were received.
2016-11-16 13:36:47 INFO  ProducerDAO:89 - All entity from the table 'producer' were received.
2016-11-16 13:36:47 INFO  ProducerDAO:89 - All entity from the table 'producer' were received.
2016-11-16 13:36:47 INFO  ProducerDAO:89 - All entity from the table 'producer' were received.
2016-11-16 13:36:49 INFO  AbstractDAO:25 - All entity from the table 'movie' were received.
2016-11-16 13:36:49 INFO  AbstractDAO:25 - All entity from the table 'movie' were received.
2016-11-16 13:36:49 INFO  AbstractDAO:25 - All entity from the table 'movie' were received.
2016-11-16 13:36:49 INFO  AbstractDAO:23 - All entity from the table 'description' were received.
2016-11-16 13:36:49 INFO  AbstractDAO:23 - All entity from the table 'description' were received.
2016-11-16 13:36:49 INFO  AbstractDAO:23 - All entity from the table 'description' were received.
2016-11-16 13:36:49 INFO  AbstractDAO:24 - All entity from the table 'director' were received.
2016-11-16 13:36:49 INFO  AbstractDAO:24 - All entity from the table 'director' were received.
2016-11-16 13:36:49 INFO  AbstractDAO:24 - All entity from the table 'director' were received.
2016-11-16 13:36:49 INFO  ProducerDAO:89 - All entity from the table 'producer' were received.
2016-11-16 13:36:49 INFO  ProducerDAO:89 - All entity from the table 'producer' were received.
2016-11-16 13:36:49 INFO  ProducerDAO:89 - All entity from the table 'producer' were received.
2016-11-16 13:36:49 INFO  ProducerDAO:89 - All entity from the table 'producer' were received.
2016-11-16 13:36:53 INFO  AbstractDAO:25 - All entity from the table 'movie' were received.
2016-11-16 13:36:53 INFO  AbstractDAO:25 - All entity from the table 'movie' were received.
2016-11-16 13:36:53 INFO  AbstractDAO:25 - All entity from the table 'movie' were received.
2016-11-16 13:36:53 INFO  AbstractDAO:25 - All entity from the table 'movie' were received.
2016-11-16 13:36:53 INFO  AbstractDAO:25 - All entity from the table 'movie' were received.
2016-11-16 13:36:53 INFO  AbstractDAO:25 - All entity from the table 'movie' were received.
2016-11-16 13:36:53 INFO  AbstractDAO:25 - All entity from the table 'movie' were received.
2016-11-16 13:36:53 INFO  AbstractDAO:25 - All entity from the table 'movie' were received.
2016-11-16 13:36:53 INFO  AbstractDAO:25 - All entity from the table 'movie' were received.
2016-11-16 13:36:53 INFO  AbstractDAO:25 - All entity from the table 'movie' were received.
2016-11-16 13:37:24 INFO  AbstractDAO:25 - All entity from the table 'movie' were received.
2016-11-16 13:37:24 INFO  AbstractDAO:25 - All entity from the table 'movie' were received.
2016-11-16 13:37:24 INFO  AbstractDAO:25 - All entity from the table 'movie' were received.
2016-11-16 13:37:24 INFO  AbstractDAO:23 - All entity from the table 'description' were received.
2016-11-16 13:37:24 INFO  AbstractDAO:23 - All entity from the table 'description' were received.
2016-11-16 13:37:24 INFO  AbstractDAO:23 - All entity from the table 'description' were received.
2016-11-16 13:37:24 INFO  AbstractDAO:24 - All entity from the table 'director' were received.
2016-11-16 13:37:24 INFO  AbstractDAO:24 - All entity from the table 'director' were received.
2016-11-16 13:37:24 INFO  AbstractDAO:24 - All entity from the table 'director' were received.
2016-11-16 13:37:24 INFO  ProducerDAO:89 - All entity from the table 'producer' were received.
2016-11-16 13:37:24 INFO  ProducerDAO:89 - All entity from the table 'producer' were received.
2016-11-16 13:37:24 INFO  ProducerDAO:89 - All entity from the table 'producer' were received.
2016-11-16 13:37:24 INFO  ProducerDAO:89 - All entity from the table 'producer' were received.
2016-11-16 13:37:26 INFO  AbstractDAO:25 - All entity from the table 'movie' were received.
2016-11-16 13:37:26 INFO  AbstractDAO:25 - All entity from the table 'movie' were received.
2016-11-16 13:37:26 INFO  AbstractDAO:25 - All entity from the table 'movie' were received.
2016-11-16 13:37:26 INFO  AbstractDAO:25 - All entity from the table 'movie' were received.
2016-11-16 13:37:26 INFO  AbstractDAO:25 - All entity from the table 'movie' were received.
2016-11-16 13:37:26 INFO  AbstractDAO:25 - All entity from the table 'movie' were received.
2016-11-16 13:37:26 INFO  AbstractDAO:25 - All entity from the table 'movie' were received.
2016-11-16 13:37:26 INFO  AbstractDAO:25 - All entity from the table 'movie' were received.
2016-11-16 13:37:26 INFO  AbstractDAO:25 - All entity from the table 'movie' were received.
2016-11-16 13:37:26 INFO  AbstractDAO:25 - All entity from the table 'movie' were received.
2016-11-16 13:38:20 INFO  AbstractDAO:25 - All entity from the table 'movie' were received.
2016-11-16 13:38:20 INFO  AbstractDAO:25 - All entity from the table 'movie' were received.
2016-11-16 13:38:20 INFO  AbstractDAO:25 - All entity from the table 'movie' were received.
2016-11-16 13:38:20 INFO  AbstractDAO:23 - All entity from the table 'description' were received.
2016-11-16 13:38:20 INFO  AbstractDAO:23 - All entity from the table 'description' were received.
2016-11-16 13:38:20 INFO  AbstractDAO:23 - All entity from the table 'description' were received.
2016-11-16 13:38:20 INFO  AbstractDAO:24 - All entity from the table 'director' were received.
2016-11-16 13:38:20 INFO  AbstractDAO:24 - All entity from the table 'director' were received.
2016-11-16 13:38:20 INFO  AbstractDAO:24 - All entity from the table 'director' were received.
2016-11-16 13:38:20 INFO  ProducerDAO:89 - All entity from the table 'producer' were received.
2016-11-16 13:38:20 INFO  ProducerDAO:89 - All entity from the table 'producer' were received.
2016-11-16 13:38:20 INFO  ProducerDAO:89 - All entity from the table 'producer' were received.
2016-11-16 13:38:20 INFO  ProducerDAO:89 - All entity from the table 'producer' were received.
2016-11-16 13:38:22 INFO  AbstractDAO:25 - All entity from the table 'movie' were received.
2016-11-16 13:38:22 INFO  AbstractDAO:25 - All entity from the table 'movie' were received.
2016-11-16 13:38:22 INFO  AbstractDAO:25 - All entity from the table 'movie' were received.
2016-11-16 13:38:22 INFO  AbstractDAO:23 - All entity from the table 'description' were received.
2016-11-16 13:38:22 INFO  AbstractDAO:23 - All entity from the table 'description' were received.
2016-11-16 13:38:22 INFO  AbstractDAO:23 - All entity from the table 'description' were received.
2016-11-16 13:38:22 INFO  AbstractDAO:24 - All entity from the table 'director' were received.
2016-11-16 13:38:22 INFO  AbstractDAO:24 - All entity from the table 'director' were received.
2016-11-16 13:38:22 INFO  AbstractDAO:24 - All entity from the table 'director' were received.
2016-11-16 13:38:22 INFO  ProducerDAO:89 - All entity from the table 'producer' were received.
2016-11-16 13:38:22 INFO  ProducerDAO:89 - All entity from the table 'producer' were received.
2016-11-16 13:38:22 INFO  ProducerDAO:89 - All entity from the table 'producer' were received.
2016-11-16 13:38:22 INFO  ProducerDAO:89 - All entity from the table 'producer' were received.
2016-11-16 13:38:25 INFO  AbstractDAO:25 - All entity from the table 'movie' were received.
2016-11-16 13:38:25 INFO  AbstractDAO:25 - All entity from the table 'movie' were received.
2016-11-16 13:38:25 INFO  AbstractDAO:25 - All entity from the table 'movie' were received.
2016-11-16 13:38:25 INFO  AbstractDAO:25 - All entity from the table 'movie' were received.
2016-11-16 13:38:25 INFO  AbstractDAO:25 - All entity from the table 'movie' were received.
2016-11-16 13:38:25 INFO  AbstractDAO:25 - All entity from the table 'movie' were received.
2016-11-16 13:38:25 INFO  AbstractDAO:25 - All entity from the table 'movie' were received.
2016-11-16 13:38:25 INFO  AbstractDAO:25 - All entity from the table 'movie' were received.
2016-11-16 13:38:25 INFO  AbstractDAO:25 - All entity from the table 'movie' were received.
2016-11-16 13:38:25 INFO  AbstractDAO:25 - All entity from the table 'movie' were received.
2016-11-16 13:39:09 INFO  AbstractDAO:25 - All entity from the table 'movie' were received.
2016-11-16 13:39:09 INFO  AbstractDAO:25 - All entity from the table 'movie' were received.
2016-11-16 13:39:09 INFO  AbstractDAO:25 - All entity from the table 'movie' were received.
2016-11-16 13:39:09 INFO  AbstractDAO:23 - All entity from the table 'description' were received.
2016-11-16 13:39:09 INFO  AbstractDAO:23 - All entity from the table 'description' were received.
2016-11-16 13:39:09 INFO  AbstractDAO:23 - All entity from the table 'description' were received.
2016-11-16 13:39:09 INFO  AbstractDAO:24 - All entity from the table 'director' were received.
2016-11-16 13:39:09 INFO  AbstractDAO:24 - All entity from the table 'director' were received.
2016-11-16 13:39:09 INFO  AbstractDAO:24 - All entity from the table 'director' were received.
2016-11-16 13:39:09 INFO  ProducerDAO:89 - All entity from the table 'producer' were received.
2016-11-16 13:39:09 INFO  ProducerDAO:89 - All entity from the table 'producer' were received.
2016-11-16 13:39:09 INFO  ProducerDAO:89 - All entity from the table 'producer' were received.
2016-11-16 13:39:09 INFO  ProducerDAO:89 - All entity from the table 'producer' were received.
2016-11-16 13:40:46 INFO  AbstractDAO:25 - All entity from the table 'movie' were received.
2016-11-16 13:40:46 INFO  AbstractDAO:25 - All entity from the table 'movie' were received.
2016-11-16 13:40:46 INFO  AbstractDAO:25 - All entity from the table 'movie' were received.
2016-11-16 13:40:46 INFO  AbstractDAO:23 - All entity from the table 'description' were received.
2016-11-16 13:40:46 INFO  AbstractDAO:23 - All entity from the table 'description' were received.
2016-11-16 13:40:46 INFO  AbstractDAO:23 - All entity from the table 'description' were received.
2016-11-16 13:40:46 INFO  AbstractDAO:24 - All entity from the table 'director' were received.
2016-11-16 13:40:46 INFO  AbstractDAO:24 - All entity from the table 'director' were received.
2016-11-16 13:40:46 INFO  AbstractDAO:24 - All entity from the table 'director' were received.
2016-11-16 13:40:46 INFO  ProducerDAO:89 - All entity from the table 'producer' were received.
2016-11-16 13:40:46 INFO  ProducerDAO:89 - All entity from the table 'producer' were received.
2016-11-16 13:40:46 INFO  ProducerDAO:89 - All entity from the table 'producer' were received.
2016-11-16 13:40:46 INFO  ProducerDAO:89 - All entity from the table 'producer' were received.
2016-11-16 13:40:48 INFO  AbstractDAO:25 - All entity from the table 'movie' were received.
2016-11-16 13:40:48 INFO  AbstractDAO:25 - All entity from the table 'movie' were received.
2016-11-16 13:40:48 INFO  AbstractDAO:25 - All entity from the table 'movie' were received.
2016-11-16 13:40:48 INFO  AbstractDAO:23 - All entity from the table 'description' were received.
2016-11-16 13:40:48 INFO  AbstractDAO:23 - All entity from the table 'description' were received.
2016-11-16 13:40:48 INFO  AbstractDAO:23 - All entity from the table 'description' were received.
2016-11-16 13:40:48 INFO  AbstractDAO:24 - All entity from the table 'director' were received.
2016-11-16 13:40:48 INFO  AbstractDAO:24 - All entity from the table 'director' were received.
2016-11-16 13:40:48 INFO  AbstractDAO:24 - All entity from the table 'director' were received.
2016-11-16 13:40:48 INFO  ProducerDAO:89 - All entity from the table 'producer' were received.
2016-11-16 13:40:48 INFO  ProducerDAO:89 - All entity from the table 'producer' were received.
2016-11-16 13:40:48 INFO  ProducerDAO:89 - All entity from the table 'producer' were received.
2016-11-16 13:40:48 INFO  ProducerDAO:89 - All entity from the table 'producer' were received.
2016-11-16 13:40:53 INFO  AbstractDAO:25 - All entity from the table 'movie' were received.
2016-11-16 13:40:53 INFO  AbstractDAO:25 - All entity from the table 'movie' were received.
2016-11-16 13:40:53 INFO  AbstractDAO:25 - All entity from the table 'movie' were received.
2016-11-16 13:40:53 INFO  AbstractDAO:25 - All entity from the table 'movie' were received.
2016-11-16 13:40:53 INFO  AbstractDAO:25 - All entity from the table 'movie' were received.
2016-11-16 13:40:53 INFO  AbstractDAO:25 - All entity from the table 'movie' were received.
2016-11-16 13:40:53 INFO  AbstractDAO:25 - All entity from the table 'movie' were received.
2016-11-16 13:40:53 INFO  AbstractDAO:25 - All entity from the table 'movie' were received.
2016-11-16 13:40:53 INFO  AbstractDAO:25 - All entity from the table 'movie' were received.
2016-11-16 13:40:53 INFO  AbstractDAO:25 - All entity from the table 'movie' were received.
2016-11-16 13:42:02 INFO  AbstractDAO:25 - All entity from the table 'movie' were received.
2016-11-16 13:42:02 INFO  AbstractDAO:25 - All entity from the table 'movie' were received.
2016-11-16 13:42:02 INFO  AbstractDAO:25 - All entity from the table 'movie' were received.
2016-11-16 13:42:02 INFO  AbstractDAO:23 - All entity from the table 'description' were received.
2016-11-16 13:42:02 INFO  AbstractDAO:23 - All entity from the table 'description' were received.
2016-11-16 13:42:02 INFO  AbstractDAO:23 - All entity from the table 'description' were received.
2016-11-16 13:42:02 INFO  AbstractDAO:24 - All entity from the table 'director' were received.
2016-11-16 13:42:02 INFO  AbstractDAO:24 - All entity from the table 'director' were received.
2016-11-16 13:42:02 INFO  AbstractDAO:24 - All entity from the table 'director' were received.
2016-11-16 13:42:02 INFO  ProducerDAO:89 - All entity from the table 'producer' were received.
2016-11-16 13:42:02 INFO  ProducerDAO:89 - All entity from the table 'producer' were received.
2016-11-16 13:42:02 INFO  ProducerDAO:89 - All entity from the table 'producer' were received.
2016-11-16 13:42:02 INFO  ProducerDAO:89 - All entity from the table 'producer' were received.
2016-11-16 13:42:04 INFO  AbstractDAO:25 - All entity from the table 'movie' were received.
2016-11-16 13:42:04 INFO  AbstractDAO:25 - All entity from the table 'movie' were received.
2016-11-16 13:42:04 INFO  AbstractDAO:25 - All entity from the table 'movie' were received.
2016-11-16 13:42:04 INFO  AbstractDAO:23 - All entity from the table 'description' were received.
2016-11-16 13:42:04 INFO  AbstractDAO:23 - All entity from the table 'description' were received.
2016-11-16 13:42:04 INFO  AbstractDAO:23 - All entity from the table 'description' were received.
2016-11-16 13:42:04 INFO  AbstractDAO:24 - All entity from the table 'director' were received.
2016-11-16 13:42:04 INFO  AbstractDAO:24 - All entity from the table 'director' were received.
2016-11-16 13:42:04 INFO  AbstractDAO:24 - All entity from the table 'director' were received.
2016-11-16 13:42:04 INFO  ProducerDAO:89 - All entity from the table 'producer' were received.
2016-11-16 13:42:04 INFO  ProducerDAO:89 - All entity from the table 'producer' were received.
2016-11-16 13:42:04 INFO  ProducerDAO:89 - All entity from the table 'producer' were received.
2016-11-16 13:42:04 INFO  ProducerDAO:89 - All entity from the table 'producer' were received.
2016-11-16 13:42:09 INFO  AbstractDAO:25 - All entity from the table 'movie' were received.
2016-11-16 13:42:09 INFO  AbstractDAO:25 - All entity from the table 'movie' were received.
2016-11-16 13:42:09 INFO  AbstractDAO:25 - All entity from the table 'movie' were received.
2016-11-16 13:42:09 INFO  AbstractDAO:25 - All entity from the table 'movie' were received.
2016-11-16 13:42:09 INFO  AbstractDAO:25 - All entity from the table 'movie' were received.
2016-11-16 13:42:09 INFO  AbstractDAO:25 - All entity from the table 'movie' were received.
2016-11-16 13:42:09 INFO  AbstractDAO:25 - All entity from the table 'movie' were received.
2016-11-16 13:42:09 INFO  AbstractDAO:25 - All entity from the table 'movie' were received.
2016-11-16 13:42:09 INFO  AbstractDAO:25 - All entity from the table 'movie' were received.
2016-11-16 13:42:09 INFO  AbstractDAO:25 - All entity from the table 'movie' were received.
2016-11-16 13:43:11 INFO  AbstractDAO:25 - All entity from the table 'movie' were received.
2016-11-16 13:43:11 INFO  AbstractDAO:25 - All entity from the table 'movie' were received.
2016-11-16 13:43:11 INFO  AbstractDAO:25 - All entity from the table 'movie' were received.
2016-11-16 13:43:11 INFO  AbstractDAO:23 - All entity from the table 'description' were received.
2016-11-16 13:43:11 INFO  AbstractDAO:23 - All entity from the table 'description' were received.
2016-11-16 13:43:11 INFO  AbstractDAO:23 - All entity from the table 'description' were received.
2016-11-16 13:43:11 INFO  AbstractDAO:24 - All entity from the table 'director' were received.
2016-11-16 13:43:11 INFO  AbstractDAO:24 - All entity from the table 'director' were received.
2016-11-16 13:43:11 INFO  AbstractDAO:24 - All entity from the table 'director' were received.
2016-11-16 13:43:11 INFO  ProducerDAO:89 - All entity from the table 'producer' were received.
2016-11-16 13:43:11 INFO  ProducerDAO:89 - All entity from the table 'producer' were received.
2016-11-16 13:43:11 INFO  ProducerDAO:89 - All entity from the table 'producer' were received.
2016-11-16 13:43:11 INFO  ProducerDAO:89 - All entity from the table 'producer' were received.
2016-11-16 13:43:15 INFO  AbstractDAO:25 - All entity from the table 'movie' were received.
2016-11-16 13:43:15 INFO  AbstractDAO:25 - All entity from the table 'movie' were received.
2016-11-16 13:43:15 INFO  AbstractDAO:25 - All entity from the table 'movie' were received.
2016-11-16 13:43:15 INFO  AbstractDAO:25 - All entity from the table 'movie' were received.
2016-11-16 13:43:15 INFO  AbstractDAO:25 - All entity from the table 'movie' were received.
2016-11-16 13:43:15 INFO  AbstractDAO:25 - All entity from the table 'movie' were received.
2016-11-16 13:43:15 INFO  AbstractDAO:25 - All entity from the table 'movie' were received.
2016-11-16 13:43:15 INFO  AbstractDAO:25 - All entity from the table 'movie' were received.
2016-11-16 13:43:16 INFO  AbstractDAO:25 - All entity from the table 'movie' were received.
2016-11-16 13:43:16 INFO  AbstractDAO:25 - All entity from the table 'movie' were received.
2016-11-16 13:43:19 INFO  AbstractDAO:31 - An entity(id =2) from the table 'description' was received.
2016-11-16 13:43:19 INFO  AbstractDAO:33 - An entity(id = 4) from the table 'director' was received.
2016-11-16 13:43:19 INFO  AbstractDAO:31 - An entity(id =2) from the table 'description' was received.
2016-11-16 13:43:19 INFO  AbstractDAO:33 - An entity(id = 4) from the table 'director' was received.
2016-11-16 13:43:19 INFO  AbstractDAO:48 - Entity(Movie{name='1234',duration=123sec, year=123, description=[title=test2124124,content=test2123123], director=1 1, producers={12 1, type=1;}) was updated.
2016-11-16 13:43:19 INFO  AbstractDAO:25 - All entity from the table 'movie' were received.
2016-11-16 13:43:19 INFO  AbstractDAO:25 - All entity from the table 'movie' were received.
2016-11-16 13:43:19 INFO  AbstractDAO:25 - All entity from the table 'movie' were received.
2016-11-16 13:43:19 INFO  AbstractDAO:23 - All entity from the table 'description' were received.
2016-11-16 13:43:19 INFO  AbstractDAO:23 - All entity from the table 'description' were received.
2016-11-16 13:43:19 INFO  AbstractDAO:23 - All entity from the table 'description' were received.
2016-11-16 13:43:19 INFO  AbstractDAO:24 - All entity from the table 'director' were received.
2016-11-16 13:43:19 INFO  AbstractDAO:24 - All entity from the table 'director' were received.
2016-11-16 13:43:19 INFO  AbstractDAO:24 - All entity from the table 'director' were received.
2016-11-16 13:43:19 INFO  ProducerDAO:89 - All entity from the table 'producer' were received.
2016-11-16 13:43:19 INFO  ProducerDAO:89 - All entity from the table 'producer' were received.
2016-11-16 13:43:19 INFO  ProducerDAO:89 - All entity from the table 'producer' were received.
2016-11-16 13:43:19 INFO  ProducerDAO:89 - All entity from the table 'producer' were received.
2016-11-16 13:45:56 INFO  AbstractDAO:25 - All entity from the table 'movie' were received.
2016-11-16 13:45:56 INFO  AbstractDAO:25 - All entity from the table 'movie' were received.
2016-11-16 13:45:56 INFO  AbstractDAO:25 - All entity from the table 'movie' were received.
2016-11-16 13:45:57 INFO  AbstractDAO:23 - All entity from the table 'description' were received.
2016-11-16 13:45:57 INFO  AbstractDAO:23 - All entity from the table 'description' were received.
2016-11-16 13:45:57 INFO  AbstractDAO:23 - All entity from the table 'description' were received.
2016-11-16 13:45:57 INFO  AbstractDAO:24 - All entity from the table 'director' were received.
2016-11-16 13:45:57 INFO  AbstractDAO:24 - All entity from the table 'director' were received.
2016-11-16 13:45:57 INFO  AbstractDAO:24 - All entity from the table 'director' were received.
2016-11-16 13:45:57 INFO  ProducerDAO:89 - All entity from the table 'producer' were received.
2016-11-16 13:45:57 INFO  ProducerDAO:89 - All entity from the table 'producer' were received.
2016-11-16 13:45:57 INFO  ProducerDAO:89 - All entity from the table 'producer' were received.
2016-11-16 13:45:57 INFO  ProducerDAO:89 - All entity from the table 'producer' were received.
2016-11-16 13:45:58 INFO  AbstractDAO:25 - All entity from the table 'movie' were received.
2016-11-16 13:45:58 INFO  AbstractDAO:25 - All entity from the table 'movie' were received.
2016-11-16 13:45:58 INFO  AbstractDAO:25 - All entity from the table 'movie' were received.
2016-11-16 13:45:58 INFO  AbstractDAO:23 - All entity from the table 'description' were received.
2016-11-16 13:45:58 INFO  AbstractDAO:23 - All entity from the table 'description' were received.
2016-11-16 13:45:58 INFO  AbstractDAO:23 - All entity from the table 'description' were received.
2016-11-16 13:45:58 INFO  AbstractDAO:24 - All entity from the table 'director' were received.
2016-11-16 13:45:58 INFO  AbstractDAO:24 - All entity from the table 'director' were received.
2016-11-16 13:45:58 INFO  AbstractDAO:24 - All entity from the table 'director' were received.
2016-11-16 13:45:58 INFO  ProducerDAO:89 - All entity from the table 'producer' were received.
2016-11-16 13:45:58 INFO  ProducerDAO:89 - All entity from the table 'producer' were received.
2016-11-16 13:45:58 INFO  ProducerDAO:89 - All entity from the table 'producer' were received.
2016-11-16 13:45:58 INFO  ProducerDAO:89 - All entity from the table 'producer' were received.
2016-11-16 13:46:01 INFO  AbstractDAO:25 - All entity from the table 'movie' were received.
2016-11-16 13:46:01 INFO  AbstractDAO:25 - All entity from the table 'movie' were received.
2016-11-16 13:46:01 INFO  AbstractDAO:25 - All entity from the table 'movie' were received.
2016-11-16 13:46:01 INFO  AbstractDAO:25 - All entity from the table 'movie' were received.
2016-11-16 13:46:01 INFO  AbstractDAO:25 - All entity from the table 'movie' were received.
2016-11-16 13:46:01 INFO  AbstractDAO:25 - All entity from the table 'movie' were received.
2016-11-16 13:46:01 INFO  AbstractDAO:25 - All entity from the table 'movie' were received.
2016-11-16 13:46:01 INFO  AbstractDAO:25 - All entity from the table 'movie' were received.
2016-11-16 13:46:01 INFO  AbstractDAO:25 - All entity from the table 'movie' were received.
2016-11-16 13:46:01 INFO  AbstractDAO:25 - All entity from the table 'movie' were received.
2016-11-16 13:46:54 INFO  AbstractDAO:25 - All entity from the table 'movie' were received.
2016-11-16 13:46:54 INFO  AbstractDAO:25 - All entity from the table 'movie' were received.
2016-11-16 13:46:54 INFO  AbstractDAO:25 - All entity from the table 'movie' were received.
2016-11-16 13:46:54 INFO  AbstractDAO:23 - All entity from the table 'description' were received.
2016-11-16 13:46:54 INFO  AbstractDAO:23 - All entity from the table 'description' were received.
2016-11-16 13:46:54 INFO  AbstractDAO:23 - All entity from the table 'description' were received.
2016-11-16 13:46:54 INFO  AbstractDAO:24 - All entity from the table 'director' were received.
2016-11-16 13:46:54 INFO  AbstractDAO:24 - All entity from the table 'director' were received.
2016-11-16 13:46:54 INFO  AbstractDAO:24 - All entity from the table 'director' were received.
2016-11-16 13:46:54 INFO  ProducerDAO:89 - All entity from the table 'producer' were received.
2016-11-16 13:46:54 INFO  ProducerDAO:89 - All entity from the table 'producer' were received.
2016-11-16 13:46:54 INFO  ProducerDAO:89 - All entity from the table 'producer' were received.
2016-11-16 13:46:54 INFO  ProducerDAO:89 - All entity from the table 'producer' were received.
2016-11-16 13:47:12 INFO  AbstractDAO:25 - All entity from the table 'movie' were received.
2016-11-16 13:47:12 INFO  AbstractDAO:25 - All entity from the table 'movie' were received.
2016-11-16 13:47:12 INFO  AbstractDAO:25 - All entity from the table 'movie' were received.
2016-11-16 13:47:12 INFO  AbstractDAO:23 - All entity from the table 'description' were received.
2016-11-16 13:47:12 INFO  AbstractDAO:23 - All entity from the table 'description' were received.
2016-11-16 13:47:12 INFO  AbstractDAO:23 - All entity from the table 'description' were received.
2016-11-16 13:47:12 INFO  AbstractDAO:24 - All entity from the table 'director' were received.
2016-11-16 13:47:13 INFO  AbstractDAO:24 - All entity from the table 'director' were received.
2016-11-16 13:47:13 INFO  AbstractDAO:24 - All entity from the table 'director' were received.
2016-11-16 13:47:13 INFO  ProducerDAO:89 - All entity from the table 'producer' were received.
2016-11-16 13:47:13 INFO  ProducerDAO:89 - All entity from the table 'producer' were received.
2016-11-16 13:47:13 INFO  ProducerDAO:89 - All entity from the table 'producer' were received.
2016-11-16 13:47:13 INFO  ProducerDAO:89 - All entity from the table 'producer' were received.
2016-11-16 13:47:15 INFO  AbstractDAO:25 - All entity from the table 'movie' were received.
2016-11-16 13:47:15 INFO  AbstractDAO:25 - All entity from the table 'movie' were received.
2016-11-16 13:47:15 INFO  AbstractDAO:25 - All entity from the table 'movie' were received.
2016-11-16 13:47:15 INFO  AbstractDAO:25 - All entity from the table 'movie' were received.
2016-11-16 13:47:15 INFO  AbstractDAO:25 - All entity from the table 'movie' were received.
2016-11-16 13:47:15 INFO  AbstractDAO:25 - All entity from the table 'movie' were received.
2016-11-16 13:47:15 INFO  AbstractDAO:25 - All entity from the table 'movie' were received.
2016-11-16 13:47:15 INFO  AbstractDAO:25 - All entity from the table 'movie' were received.
2016-11-16 13:47:15 INFO  AbstractDAO:25 - All entity from the table 'movie' were received.
2016-11-16 13:47:15 INFO  AbstractDAO:25 - All entity from the table 'movie' were received.
2016-11-16 13:47:48 INFO  AbstractDAO:31 - An entity(id =2) from the table 'description' was received.
2016-11-16 13:47:48 INFO  AbstractDAO:33 - An entity(id = 4) from the table 'director' was received.
2016-11-16 13:47:48 INFO  AbstractDAO:31 - An entity(id =2) from the table 'description' was received.
2016-11-16 13:47:49 INFO  AbstractDAO:33 - An entity(id = 4) from the table 'director' was received.
2016-11-16 13:47:49 INFO  AbstractDAO:48 - Entity(Movie{name='1234asd',duration=123sec, year=123, description=[title=test2124124,content=test2123123], director=1 1, producers={12 1, type=1;}) was updated.
2016-11-16 13:47:49 INFO  AbstractDAO:25 - All entity from the table 'movie' were received.
2016-11-16 13:47:49 INFO  AbstractDAO:25 - All entity from the table 'movie' were received.
2016-11-16 13:47:49 INFO  AbstractDAO:25 - All entity from the table 'movie' were received.
2016-11-16 13:47:49 INFO  AbstractDAO:23 - All entity from the table 'description' were received.
2016-11-16 13:47:49 INFO  AbstractDAO:23 - All entity from the table 'description' were received.
2016-11-16 13:47:49 INFO  AbstractDAO:23 - All entity from the table 'description' were received.
2016-11-16 13:47:49 INFO  AbstractDAO:24 - All entity from the table 'director' were received.
2016-11-16 13:47:49 INFO  AbstractDAO:24 - All entity from the table 'director' were received.
2016-11-16 13:47:49 INFO  AbstractDAO:24 - All entity from the table 'director' were received.
2016-11-16 13:47:49 INFO  ProducerDAO:89 - All entity from the table 'producer' were received.
2016-11-16 13:47:49 INFO  ProducerDAO:89 - All entity from the table 'producer' were received.
2016-11-16 13:47:49 INFO  ProducerDAO:89 - All entity from the table 'producer' were received.
2016-11-16 13:47:49 INFO  ProducerDAO:89 - All entity from the table 'producer' were received.
2016-11-16 13:48:33 INFO  AbstractDAO:25 - All entity from the table 'movie' were received.
2016-11-16 13:48:33 INFO  AbstractDAO:25 - All entity from the table 'movie' were received.
2016-11-16 13:48:33 INFO  AbstractDAO:25 - All entity from the table 'movie' were received.
2016-11-16 13:48:33 INFO  AbstractDAO:25 - All entity from the table 'movie' were received.
2016-11-16 13:48:33 INFO  AbstractDAO:25 - All entity from the table 'movie' were received.
2016-11-16 13:48:33 INFO  AbstractDAO:25 - All entity from the table 'movie' were received.
2016-11-16 13:48:33 INFO  AbstractDAO:25 - All entity from the table 'movie' were received.
2016-11-16 13:48:33 INFO  AbstractDAO:25 - All entity from the table 'movie' were received.
2016-11-16 13:48:33 INFO  AbstractDAO:25 - All entity from the table 'movie' were received.
2016-11-16 13:48:33 INFO  AbstractDAO:25 - All entity from the table 'movie' were received.
2016-11-16 13:48:35 INFO  AbstractDAO:31 - An entity(id =2) from the table 'description' was received.
2016-11-16 13:48:35 INFO  AbstractDAO:33 - An entity(id = 4) from the table 'director' was received.
2016-11-16 13:48:35 INFO  AbstractDAO:31 - An entity(id =2) from the table 'description' was received.
2016-11-16 13:48:35 INFO  AbstractDAO:33 - An entity(id = 4) from the table 'director' was received.
2016-11-16 13:48:35 INFO  AbstractDAO:48 - Entity(Movie{name='1234asdasdasd',duration=123sec, year=123, description=[title=test2124124,content=test2123123], director=1 1, producers={12 1, type=1;}) was updated.
2016-11-16 13:48:36 INFO  AbstractDAO:25 - All entity from the table 'movie' were received.
2016-11-16 13:48:36 INFO  AbstractDAO:25 - All entity from the table 'movie' were received.
2016-11-16 13:48:36 INFO  AbstractDAO:25 - All entity from the table 'movie' were received.
2016-11-16 13:48:36 INFO  AbstractDAO:23 - All entity from the table 'description' were received.
2016-11-16 13:48:36 INFO  AbstractDAO:23 - All entity from the table 'description' were received.
2016-11-16 13:48:36 INFO  AbstractDAO:23 - All entity from the table 'description' were received.
2016-11-16 13:48:36 INFO  AbstractDAO:24 - All entity from the table 'director' were received.
2016-11-16 13:48:36 INFO  AbstractDAO:24 - All entity from the table 'director' were received.
2016-11-16 13:48:36 INFO  AbstractDAO:24 - All entity from the table 'director' were received.
2016-11-16 13:48:36 INFO  ProducerDAO:89 - All entity from the table 'producer' were received.
2016-11-16 13:48:36 INFO  ProducerDAO:89 - All entity from the table 'producer' were received.
2016-11-16 13:48:36 INFO  ProducerDAO:89 - All entity from the table 'producer' were received.
2016-11-16 13:48:36 INFO  ProducerDAO:89 - All entity from the table 'producer' were received.
